<?xml version="1.0" encoding="UTF-8"?>
<!-- Generated by org.testng.reporters.JUnitReportReporter -->
<testsuite hostname="Prateeks-PC" name="com.amazon.test.LoginTest" tests="1" failures="0" timestamp="2 Oct 2020 13:15:31 GMT" time="11.354" errors="0">
  <testcase name="validate_SingInButton_Test" time="11.354" classname="com.amazon.test.LoginTest"/>
</testsuite> <!-- com.amazon.test.LoginTest -->
