<?xml version="1.0" encoding="UTF-8"?>
<!-- Generated by org.testng.reporters.JUnitReportReporter -->
<testsuite hostname="Prateeks-PC" name="com.amazon.test.HomePageTest" tests="1" failures="0" timestamp="27 Feb 2021 11:03:06 GMT" time="114.624" errors="0">
  <testcase name="validate_SearchProduct_Test" time="114.624" classname="com.amazon.test.HomePageTest"/>
</testsuite> <!-- com.amazon.test.HomePageTest -->
