<?xml version="1.0" encoding="UTF-8"?>
<!-- Generated by org.testng.reporters.JUnitReportReporter -->
<testsuite hostname="Prateeks-PC" name="com.amazon.test.LoginPageTest" tests="1" failures="0" timestamp="27 Feb 2021 11:03:06 GMT" time="20.631" errors="0">
  <testcase name="validate_Login_Test" time="20.631" classname="com.amazon.test.LoginPageTest"/>
</testsuite> <!-- com.amazon.test.LoginPageTest -->
